Start testing: May 16 17:48 CDT
----------------------------------------------------------
1/14 Testing: Player_functionality.newplayer
1/14 Test: Player_functionality.newplayer
Command: "/Users/romanos/Backgammon_Engine/build/backgammon_tests" "--gtest_filter=Player_functionality.newplayer" "--gtest_also_run_disabled_tests"
Directory: /Users/romanos/Backgammon_Engine/build
"Player_functionality.newplayer" start time: May 16 17:48 CDT
Output:
----------------------------------------------------------
Running main() from /Users/romanos/Backgammon_Engine/build/_deps/googletest-src/googletest/src/gtest_main.cc
Note: Google Test filter = Player_functionality.newplayer
[==========] Running 1 test from 1 test suite.
[----------] Global test environment set-up.
[----------] 1 test from Player_functionality
[ RUN      ] Player_functionality.newplayer
[       OK ] Player_functionality.newplayer (0 ms)
[----------] 1 test from Player_functionality (0 ms total)

[----------] Global test environment tear-down
[==========] 1 test from 1 test suite ran. (0 ms total)
[  PASSED  ] 1 test.
<end of output>
Test time =   0.00 sec
----------------------------------------------------------
Test Passed.
"Player_functionality.newplayer" end time: May 16 17:48 CDT
"Player_functionality.newplayer" time elapsed: 00:00:00
----------------------------------------------------------

2/14 Testing: ValidOrigin.test_orginin_boolean
2/14 Test: ValidOrigin.test_orginin_boolean
Command: "/Users/romanos/Backgammon_Engine/build/backgammon_tests" "--gtest_filter=ValidOrigin.test_orginin_boolean" "--gtest_also_run_disabled_tests"
Directory: /Users/romanos/Backgammon_Engine/build
"ValidOrigin.test_orginin_boolean" start time: May 16 17:48 CDT
Output:
----------------------------------------------------------
Running main() from /Users/romanos/Backgammon_Engine/build/_deps/googletest-src/googletest/src/gtest_main.cc
Note: Google Test filter = ValidOrigin.test_orginin_boolean
[==========] Running 1 test from 1 test suite.
[----------] Global test environment set-up.
[----------] 1 test from ValidOrigin
[ RUN      ] ValidOrigin.test_orginin_boolean
[       OK ] ValidOrigin.test_orginin_boolean (0 ms)
[----------] 1 test from ValidOrigin (0 ms total)

[----------] Global test environment tear-down
[==========] 1 test from 1 test suite ran. (0 ms total)
[  PASSED  ] 1 test.
<end of output>
Test time =   0.00 sec
----------------------------------------------------------
Test Passed.
"ValidOrigin.test_orginin_boolean" end time: May 16 17:48 CDT
"ValidOrigin.test_orginin_boolean" time elapsed: 00:00:00
----------------------------------------------------------

3/14 Testing: ValidOrigin.test_orginin_boolean_p2
3/14 Test: ValidOrigin.test_orginin_boolean_p2
Command: "/Users/romanos/Backgammon_Engine/build/backgammon_tests" "--gtest_filter=ValidOrigin.test_orginin_boolean_p2" "--gtest_also_run_disabled_tests"
Directory: /Users/romanos/Backgammon_Engine/build
"ValidOrigin.test_orginin_boolean_p2" start time: May 16 17:48 CDT
Output:
----------------------------------------------------------
Running main() from /Users/romanos/Backgammon_Engine/build/_deps/googletest-src/googletest/src/gtest_main.cc
Note: Google Test filter = ValidOrigin.test_orginin_boolean_p2
[==========] Running 1 test from 1 test suite.
[----------] Global test environment set-up.
[----------] 1 test from ValidOrigin
[ RUN      ] ValidOrigin.test_orginin_boolean_p2
[       OK ] ValidOrigin.test_orginin_boolean_p2 (0 ms)
[----------] 1 test from ValidOrigin (0 ms total)

[----------] Global test environment tear-down
[==========] 1 test from 1 test suite ran. (0 ms total)
[  PASSED  ] 1 test.
<end of output>
Test time =   0.00 sec
----------------------------------------------------------
Test Passed.
"ValidOrigin.test_orginin_boolean_p2" end time: May 16 17:48 CDT
"ValidOrigin.test_orginin_boolean_p2" time elapsed: 00:00:00
----------------------------------------------------------

4/14 Testing: ValidOrigin.gameboard_with_no_pieces
4/14 Test: ValidOrigin.gameboard_with_no_pieces
Command: "/Users/romanos/Backgammon_Engine/build/backgammon_tests" "--gtest_filter=ValidOrigin.gameboard_with_no_pieces" "--gtest_also_run_disabled_tests"
Directory: /Users/romanos/Backgammon_Engine/build
"ValidOrigin.gameboard_with_no_pieces" start time: May 16 17:48 CDT
Output:
----------------------------------------------------------
Running main() from /Users/romanos/Backgammon_Engine/build/_deps/googletest-src/googletest/src/gtest_main.cc
Note: Google Test filter = ValidOrigin.gameboard_with_no_pieces
[==========] Running 1 test from 1 test suite.
[----------] Global test environment set-up.
[----------] 1 test from ValidOrigin
[ RUN      ] ValidOrigin.gameboard_with_no_pieces
[       OK ] ValidOrigin.gameboard_with_no_pieces (0 ms)
[----------] 1 test from ValidOrigin (0 ms total)

[----------] Global test environment tear-down
[==========] 1 test from 1 test suite ran. (0 ms total)
[  PASSED  ] 1 test.
<end of output>
Test time =   0.00 sec
----------------------------------------------------------
Test Passed.
"ValidOrigin.gameboard_with_no_pieces" end time: May 16 17:48 CDT
"ValidOrigin.gameboard_with_no_pieces" time elapsed: 00:00:00
----------------------------------------------------------

5/14 Testing: ValidOrigin.test_p2_first_origin
5/14 Test: ValidOrigin.test_p2_first_origin
Command: "/Users/romanos/Backgammon_Engine/build/backgammon_tests" "--gtest_filter=ValidOrigin.test_p2_first_origin" "--gtest_also_run_disabled_tests"
Directory: /Users/romanos/Backgammon_Engine/build
"ValidOrigin.test_p2_first_origin" start time: May 16 17:48 CDT
Output:
----------------------------------------------------------
Running main() from /Users/romanos/Backgammon_Engine/build/_deps/googletest-src/googletest/src/gtest_main.cc
Note: Google Test filter = ValidOrigin.test_p2_first_origin
[==========] Running 1 test from 1 test suite.
[----------] Global test environment set-up.
[----------] 1 test from ValidOrigin
[ RUN      ] ValidOrigin.test_p2_first_origin
[       OK ] ValidOrigin.test_p2_first_origin (0 ms)
[----------] 1 test from ValidOrigin (0 ms total)

[----------] Global test environment tear-down
[==========] 1 test from 1 test suite ran. (0 ms total)
[  PASSED  ] 1 test.
<end of output>
Test time =   0.00 sec
----------------------------------------------------------
Test Passed.
"ValidOrigin.test_p2_first_origin" end time: May 16 17:48 CDT
"ValidOrigin.test_p2_first_origin" time elapsed: 00:00:00
----------------------------------------------------------

6/14 Testing: ValidDestination.test_destination_with_friendly_piece
6/14 Test: ValidDestination.test_destination_with_friendly_piece
Command: "/Users/romanos/Backgammon_Engine/build/backgammon_tests" "--gtest_filter=ValidDestination.test_destination_with_friendly_piece" "--gtest_also_run_disabled_tests"
Directory: /Users/romanos/Backgammon_Engine/build
"ValidDestination.test_destination_with_friendly_piece" start time: May 16 17:48 CDT
Output:
----------------------------------------------------------
Running main() from /Users/romanos/Backgammon_Engine/build/_deps/googletest-src/googletest/src/gtest_main.cc
Note: Google Test filter = ValidDestination.test_destination_with_friendly_piece
[==========] Running 1 test from 1 test suite.
[----------] Global test environment set-up.
[----------] 1 test from ValidDestination
[ RUN      ] ValidDestination.test_destination_with_friendly_piece
[       OK ] ValidDestination.test_destination_with_friendly_piece (0 ms)
[----------] 1 test from ValidDestination (0 ms total)

[----------] Global test environment tear-down
[==========] 1 test from 1 test suite ran. (0 ms total)
[  PASSED  ] 1 test.
<end of output>
Test time =   0.00 sec
----------------------------------------------------------
Test Passed.
"ValidDestination.test_destination_with_friendly_piece" end time: May 16 17:48 CDT
"ValidDestination.test_destination_with_friendly_piece" time elapsed: 00:00:00
----------------------------------------------------------

7/14 Testing: ValidDestination.test_destination_with_no_piece
7/14 Test: ValidDestination.test_destination_with_no_piece
Command: "/Users/romanos/Backgammon_Engine/build/backgammon_tests" "--gtest_filter=ValidDestination.test_destination_with_no_piece" "--gtest_also_run_disabled_tests"
Directory: /Users/romanos/Backgammon_Engine/build
"ValidDestination.test_destination_with_no_piece" start time: May 16 17:48 CDT
Output:
----------------------------------------------------------
Running main() from /Users/romanos/Backgammon_Engine/build/_deps/googletest-src/googletest/src/gtest_main.cc
Note: Google Test filter = ValidDestination.test_destination_with_no_piece
[==========] Running 1 test from 1 test suite.
[----------] Global test environment set-up.
[----------] 1 test from ValidDestination
[ RUN      ] ValidDestination.test_destination_with_no_piece
[       OK ] ValidDestination.test_destination_with_no_piece (0 ms)
[----------] 1 test from ValidDestination (0 ms total)

[----------] Global test environment tear-down
[==========] 1 test from 1 test suite ran. (0 ms total)
[  PASSED  ] 1 test.
<end of output>
Test time =   0.00 sec
----------------------------------------------------------
Test Passed.
"ValidDestination.test_destination_with_no_piece" end time: May 16 17:48 CDT
"ValidDestination.test_destination_with_no_piece" time elapsed: 00:00:00
----------------------------------------------------------

8/14 Testing: ValidDestination.test_destination_with_enemy_piece
8/14 Test: ValidDestination.test_destination_with_enemy_piece
Command: "/Users/romanos/Backgammon_Engine/build/backgammon_tests" "--gtest_filter=ValidDestination.test_destination_with_enemy_piece" "--gtest_also_run_disabled_tests"
Directory: /Users/romanos/Backgammon_Engine/build
"ValidDestination.test_destination_with_enemy_piece" start time: May 16 17:48 CDT
Output:
----------------------------------------------------------
Running main() from /Users/romanos/Backgammon_Engine/build/_deps/googletest-src/googletest/src/gtest_main.cc
Note: Google Test filter = ValidDestination.test_destination_with_enemy_piece
[==========] Running 1 test from 1 test suite.
[----------] Global test environment set-up.
[----------] 1 test from ValidDestination
[ RUN      ] ValidDestination.test_destination_with_enemy_piece
[       OK ] ValidDestination.test_destination_with_enemy_piece (0 ms)
[----------] 1 test from ValidDestination (0 ms total)

[----------] Global test environment tear-down
[==========] 1 test from 1 test suite ran. (0 ms total)
[  PASSED  ] 1 test.
<end of output>
Test time =   0.00 sec
----------------------------------------------------------
Test Passed.
"ValidDestination.test_destination_with_enemy_piece" end time: May 16 17:48 CDT
"ValidDestination.test_destination_with_enemy_piece" time elapsed: 00:00:00
----------------------------------------------------------

9/14 Testing: CapturePiece.singleBlotIsTakenAndJailed
9/14 Test: CapturePiece.singleBlotIsTakenAndJailed
Command: "/Users/romanos/Backgammon_Engine/build/backgammon_tests" "--gtest_filter=CapturePiece.singleBlotIsTakenAndJailed" "--gtest_also_run_disabled_tests"
Directory: /Users/romanos/Backgammon_Engine/build
"CapturePiece.singleBlotIsTakenAndJailed" start time: May 16 17:48 CDT
Output:
----------------------------------------------------------
Running main() from /Users/romanos/Backgammon_Engine/build/_deps/googletest-src/googletest/src/gtest_main.cc
Note: Google Test filter = CapturePiece.singleBlotIsTakenAndJailed
[==========] Running 1 test from 1 test suite.
[----------] Global test environment set-up.
[----------] 1 test from CapturePiece
[ RUN      ] CapturePiece.singleBlotIsTakenAndJailed
[       OK ] CapturePiece.singleBlotIsTakenAndJailed (0 ms)
[----------] 1 test from CapturePiece (0 ms total)

[----------] Global test environment tear-down
[==========] 1 test from 1 test suite ran. (0 ms total)
[  PASSED  ] 1 test.
<end of output>
Test time =   0.00 sec
----------------------------------------------------------
Test Passed.
"CapturePiece.singleBlotIsTakenAndJailed" end time: May 16 17:48 CDT
"CapturePiece.singleBlotIsTakenAndJailed" time elapsed: 00:00:00
----------------------------------------------------------

10/14 Testing: CapturePiece.cannotCaptureTwoOrMore
10/14 Test: CapturePiece.cannotCaptureTwoOrMore
Command: "/Users/romanos/Backgammon_Engine/build/backgammon_tests" "--gtest_filter=CapturePiece.cannotCaptureTwoOrMore" "--gtest_also_run_disabled_tests"
Directory: /Users/romanos/Backgammon_Engine/build
"CapturePiece.cannotCaptureTwoOrMore" start time: May 16 17:48 CDT
Output:
----------------------------------------------------------
Running main() from /Users/romanos/Backgammon_Engine/build/_deps/googletest-src/googletest/src/gtest_main.cc
Note: Google Test filter = CapturePiece.cannotCaptureTwoOrMore
[==========] Running 1 test from 1 test suite.
[----------] Global test environment set-up.
[----------] 1 test from CapturePiece
[ RUN      ] CapturePiece.cannotCaptureTwoOrMore
[       OK ] CapturePiece.cannotCaptureTwoOrMore (0 ms)
[----------] 1 test from CapturePiece (0 ms total)

[----------] Global test environment tear-down
[==========] 1 test from 1 test suite ran. (0 ms total)
[  PASSED  ] 1 test.
<end of output>
Test time =   0.00 sec
----------------------------------------------------------
Test Passed.
"CapturePiece.cannotCaptureTwoOrMore" end time: May 16 17:48 CDT
"CapturePiece.cannotCaptureTwoOrMore" time elapsed: 00:00:00
----------------------------------------------------------

11/14 Testing: CapturePiece.invalidOrigin_with_jailed_piece
11/14 Test: CapturePiece.invalidOrigin_with_jailed_piece
Command: "/Users/romanos/Backgammon_Engine/build/backgammon_tests" "--gtest_filter=CapturePiece.invalidOrigin_with_jailed_piece" "--gtest_also_run_disabled_tests"
Directory: /Users/romanos/Backgammon_Engine/build
"CapturePiece.invalidOrigin_with_jailed_piece" start time: May 16 17:48 CDT
Output:
----------------------------------------------------------
Running main() from /Users/romanos/Backgammon_Engine/build/_deps/googletest-src/googletest/src/gtest_main.cc
Note: Google Test filter = CapturePiece.invalidOrigin_with_jailed_piece
[==========] Running 1 test from 1 test suite.
[----------] Global test environment set-up.
[----------] 1 test from CapturePiece
[ RUN      ] CapturePiece.invalidOrigin_with_jailed_piece
 has a jailed piece, origin must be 0!
[       OK ] CapturePiece.invalidOrigin_with_jailed_piece (0 ms)
[----------] 1 test from CapturePiece (0 ms total)

[----------] Global test environment tear-down
[==========] 1 test from 1 test suite ran. (0 ms total)
[  PASSED  ] 1 test.
<end of output>
Test time =   0.00 sec
----------------------------------------------------------
Test Passed.
"CapturePiece.invalidOrigin_with_jailed_piece" end time: May 16 17:48 CDT
"CapturePiece.invalidOrigin_with_jailed_piece" time elapsed: 00:00:00
----------------------------------------------------------

12/14 Testing: MoveOne.FreesJailedPieceAndPlacesOnBoard
12/14 Test: MoveOne.FreesJailedPieceAndPlacesOnBoard
Command: "/Users/romanos/Backgammon_Engine/build/backgammon_tests" "--gtest_filter=MoveOne.FreesJailedPieceAndPlacesOnBoard" "--gtest_also_run_disabled_tests"
Directory: /Users/romanos/Backgammon_Engine/build
"MoveOne.FreesJailedPieceAndPlacesOnBoard" start time: May 16 17:48 CDT
Output:
----------------------------------------------------------
Running main() from /Users/romanos/Backgammon_Engine/build/_deps/googletest-src/googletest/src/gtest_main.cc
Note: Google Test filter = MoveOne.FreesJailedPieceAndPlacesOnBoard
[==========] Running 1 test from 1 test suite.
[----------] Global test environment set-up.
[----------] 1 test from MoveOne
[ RUN      ] MoveOne.FreesJailedPieceAndPlacesOnBoard
Origin (2): Destination: [       OK ] MoveOne.FreesJailedPieceAndPlacesOnBoard (0 ms)
[----------] 1 test from MoveOne (0 ms total)

[----------] Global test environment tear-down
[==========] 1 test from 1 test suite ran. (0 ms total)
[  PASSED  ] 1 test.
<end of output>
Test time =   0.00 sec
----------------------------------------------------------
Test Passed.
"MoveOne.FreesJailedPieceAndPlacesOnBoard" end time: May 16 17:48 CDT
"MoveOne.FreesJailedPieceAndPlacesOnBoard" time elapsed: 00:00:00
----------------------------------------------------------

13/14 Testing: MoveOne.RejectsNonZeroOriginWhenJailed
13/14 Test: MoveOne.RejectsNonZeroOriginWhenJailed
Command: "/Users/romanos/Backgammon_Engine/build/backgammon_tests" "--gtest_filter=MoveOne.RejectsNonZeroOriginWhenJailed" "--gtest_also_run_disabled_tests"
Directory: /Users/romanos/Backgammon_Engine/build
"MoveOne.RejectsNonZeroOriginWhenJailed" start time: May 16 17:48 CDT
Output:
----------------------------------------------------------
Running main() from /Users/romanos/Backgammon_Engine/build/_deps/googletest-src/googletest/src/gtest_main.cc
Note: Google Test filter = MoveOne.RejectsNonZeroOriginWhenJailed
[==========] Running 1 test from 1 test suite.
[----------] Global test environment set-up.
[----------] 1 test from MoveOne
[ RUN      ] MoveOne.RejectsNonZeroOriginWhenJailed
Origin (7): Alice has a jailed piece, origin must be 0!
Player: Alice has no piece there, enter index: 
Origin (7): Destination: [       OK ] MoveOne.RejectsNonZeroOriginWhenJailed (0 ms)
[----------] 1 test from MoveOne (0 ms total)

[----------] Global test environment tear-down
[==========] 1 test from 1 test suite ran. (0 ms total)
[  PASSED  ] 1 test.
<end of output>
Test time =   0.00 sec
----------------------------------------------------------
Test Passed.
"MoveOne.RejectsNonZeroOriginWhenJailed" end time: May 16 17:48 CDT
"MoveOne.RejectsNonZeroOriginWhenJailed" time elapsed: 00:00:00
----------------------------------------------------------

14/14 Testing: MoveOne.NormalMoveWhenNoJail
14/14 Test: MoveOne.NormalMoveWhenNoJail
Command: "/Users/romanos/Backgammon_Engine/build/backgammon_tests" "--gtest_filter=MoveOne.NormalMoveWhenNoJail" "--gtest_also_run_disabled_tests"
Directory: /Users/romanos/Backgammon_Engine/build
"MoveOne.NormalMoveWhenNoJail" start time: May 16 17:48 CDT
Output:
----------------------------------------------------------
Running main() from /Users/romanos/Backgammon_Engine/build/_deps/googletest-src/googletest/src/gtest_main.cc
Note: Google Test filter = MoveOne.NormalMoveWhenNoJail
[==========] Running 1 test from 1 test suite.
[----------] Global test environment set-up.
[----------] 1 test from MoveOne
[ RUN      ] MoveOne.NormalMoveWhenNoJail
Origin (2): Destination: [       OK ] MoveOne.NormalMoveWhenNoJail (0 ms)
[----------] 1 test from MoveOne (0 ms total)

[----------] Global test environment tear-down
[==========] 1 test from 1 test suite ran. (0 ms total)
[  PASSED  ] 1 test.
<end of output>
Test time =   0.00 sec
----------------------------------------------------------
Test Passed.
"MoveOne.NormalMoveWhenNoJail" end time: May 16 17:48 CDT
"MoveOne.NormalMoveWhenNoJail" time elapsed: 00:00:00
----------------------------------------------------------

End testing: May 16 17:48 CDT
