<?xml version="1.0" encoding="UTF-8"?>
<Site BuildName="(empty)"
	BuildStamp="20250402-2057-Experimental"
	Name="(empty)"
	Generator="ctest-3.31.6"
	CompilerName=""
	CompilerVersion=""
	OSName="macOS"
	Hostname="Romanoss-MacBook-Air-2.local"
	OSRelease="15.3"
	OSVersion="24D60"
	OSPlatform="arm64"
	Is64Bits="1"
	VendorString="Apple"
	VendorID="Apple"
	FamilyID="0"
	ModelID="0"
	ModelName="Apple M2"
	ProcessorCacheSize="131072"
	NumberOfLogicalCPU="8"
	NumberOfPhysicalCPU="8"
	TotalVirtualMemory="4096"
	TotalPhysicalMemory="8192"
	LogicalProcessorsPerPhysical="8"
	ProcessorClockFrequency="0"
	>
	<Testing>
		<StartDateTime>Apr 02 15:57 CDT</StartDateTime>
		<StartTestTime>1743627462</StartTestTime>
		<TestList/>
		<EndDateTime>Apr 02 15:57 CDT</EndDateTime>
		<EndTestTime>1743627462</EndTestTime>
		<ElapsedMinutes>0</ElapsedMinutes>
	</Testing>
</Site>
